2020-06-01 12:49:04 +0000  Initial pipeline context: <IDEDistributionProcessingPipelineContext: 0x7fd688000000; archive(resolved)='<IDEArchive: 0x7fd68841ed20>', distributionTask(resolved)='2', distributionDestination(resolved)='2', distributionMethod(resolved)='<IDEDistributionMethodDeveloperID: 0x7fd6876bb020>', team(resolved)='<IDEProvisioningDisambiguatableBasicTeam: 0x7fd689644f70; teamID='726X5Z9867', teamName='Tatsuo Unemi', teamType='Individual', username='unemi@soka.gr.jp', isFreeProvisioningTeam='0'>'>
	Chain (12, self inclusive):
	<IDEDistributionProcessingPipelineContext: 0x7fd688000000; archive = '<IDEArchive: 0x7fd68841ed20>', distributionMethod='<IDEDistributionMethodDeveloperID: 0x7fd6876bb020>', team='<IDEProvisioningDisambiguatableBasicTeam: 0x7fd689644f70; teamID='726X5Z9867', teamName='Tatsuo Unemi', teamType='Individual', username='unemi@soka.gr.jp', isFreeProvisioningTeam='0'>'>
	<IDEDistributionProcessingPipelineContext: 0x7fd6a4e10910; archive = '<IDEArchive: 0x7fd68841ed20>', distributionMethod='<IDEDistributionMethodDeveloperID: 0x7fd6876bb020>', team='<IDEProvisioningDisambiguatableBasicTeam: 0x7fd689644f70; teamID='726X5Z9867', teamName='Tatsuo Unemi', teamType='Individual', username='unemi@soka.gr.jp', isFreeProvisioningTeam='0'>'>
	<IDEDistributionContext: 0x7fd68908ebb0; archive = '<IDEArchive: 0x7fd68841ed20>', distributionMethod='<IDEDistributionMethodDeveloperID: 0x7fd6876bb020>', team='<IDEProvisioningDisambiguatableBasicTeam: 0x7fd689644f70; teamID='726X5Z9867', teamName='Tatsuo Unemi', teamType='Individual', username='unemi@soka.gr.jp', isFreeProvisioningTeam='0'>'>
	<IDEDistributionContext: 0x7fd689200970; archive = '<IDEArchive: 0x7fd68841ed20>', distributionMethod='<IDEDistributionMethodDeveloperID: 0x7fd6876bb020>', team='<IDEProvisioningDisambiguatableBasicTeam: 0x7fd689644f70; teamID='726X5Z9867', teamName='Tatsuo Unemi', teamType='Individual', username='unemi@soka.gr.jp', isFreeProvisioningTeam='0'>'>
	<IDEDistributionContext: 0x7fd68952fae0; archive = '<IDEArchive: 0x7fd68841ed20>', distributionMethod='<IDEDistributionMethodDeveloperID: 0x7fd6876bb020>', team='<IDEProvisioningDisambiguatableBasicTeam: 0x7fd689644f70; teamID='726X5Z9867', teamName='Tatsuo Unemi', teamType='Individual', username='unemi@soka.gr.jp', isFreeProvisioningTeam='0'>'>
	<IDEDistributionContext: 0x7fd6876a7110; archive = '<IDEArchive: 0x7fd68841ed20>', distributionMethod='<IDEDistributionMethodDeveloperID: 0x7fd6876bb020>', team='<IDEProvisioningDisambiguatableBasicTeam: 0x7fd689644f70; teamID='726X5Z9867', teamName='Tatsuo Unemi', teamType='Individual', username='unemi@soka.gr.jp', isFreeProvisioningTeam='0'>'>
	<IDEDistributionContext: 0x7fd688fed640; archive = '<IDEArchive: 0x7fd68841ed20>', distributionMethod='<IDEDistributionMethodDeveloperID: 0x7fd6876bb020>', team='<IDEProvisioningDisambiguatableBasicTeam: 0x7fd689644f70; teamID='726X5Z9867', teamName='Tatsuo Unemi', teamType='Individual', username='unemi@soka.gr.jp', isFreeProvisioningTeam='0'>'>
	<IDEDistributionContext: 0x7fd6895544b0; archive = '<IDEArchive: 0x7fd68841ed20>', distributionMethod='<IDEDistributionMethodDeveloperID: 0x7fd6876bb020>', team='<IDEProvisioningDisambiguatableBasicTeam: 0x7fd689644f70; teamID='726X5Z9867', teamName='Tatsuo Unemi', teamType='Individual', username='unemi@soka.gr.jp', isFreeProvisioningTeam='0'>'>
	<IDEDistributionContext: 0x7fd689b37700; archive = '<IDEArchive: 0x7fd68841ed20>', distributionMethod='<IDEDistributionMethodDeveloperID: 0x7fd6876bb020>', team='<IDEProvisioningDisambiguatableBasicTeam: 0x7fd689644f70; teamID='726X5Z9867', teamName='Tatsuo Unemi', teamType='Individual', username='unemi@soka.gr.jp', isFreeProvisioningTeam='0'>'>
	<IDEDistributionContext: 0x7fd6a403c580; archive = '<IDEArchive: 0x7fd68841ed20>', distributionMethod='<IDEDistributionMethodDeveloperID: 0x7fd6876bb020>', team='(null)'>
	<IDEDistributionContext: 0x7fd689b45cb0; archive = '<IDEArchive: 0x7fd68841ed20>', distributionMethod='<IDEDistributionMethodDeveloperID: 0x7fd6876bb020>', team='(null)'>
	<IDEDistributionContext: 0x7fd688a65a30; archive = '<IDEArchive: 0x7fd68841ed20>', distributionMethod='(null)', team='(null)'>
</IDEDistributionProcessingPipelineContext: 0x7fd688000000>
2020-06-01 12:49:04 +0000  Processing step: IDEDistributionCreateDestRootStep
2020-06-01 12:49:04 +0000  Processing step: IDEDistributionCopyItemStep
2020-06-01 12:49:04 +0000  Running /usr/bin/ditto '-V' '/Users/unemi/Library/Developer/Xcode/Archives/2020-06-01/SimEpidemic 2020-06-01 21.30.xcarchive/Products/Applications/SimEpidemic.app' '/var/folders/9h/_b23l8_16fq4bs1bsq1rz4700000gn/T/XcodeDistPipeline.~~~6TVKuv/Root/Applications/SimEpidemic.app'
2020-06-01 12:49:04 +0000  >>> Copying /Users/unemi/Library/Developer/Xcode/Archives/2020-06-01/SimEpidemic 2020-06-01 21.30.xcarchive/Products/Applications/SimEpidemic.app 
2020-06-01 12:49:04 +0000  copying file ./Contents/_CodeSignature/CodeResources ... 
2020-06-01 12:49:04 +0000  5042 bytes for ./Contents/_CodeSignature/CodeResources
2020-06-01 12:49:04 +0000  copying file ./Contents/MacOS/SimEpidemic ... 
2020-06-01 12:49:04 +0000  203616 bytes for ./Contents/MacOS/SimEpidemic
2020-06-01 12:49:04 +0000  copying file ./Contents/Resources/Scenario.nib ... 
2020-06-01 12:49:04 +0000  28583 bytes for ./Contents/Resources/Scenario.nib
2020-06-01 12:49:04 +0000  copying file ./Contents/Resources/AppIcon.icns ... 
2020-06-01 12:49:04 +0000  70626 bytes for ./Contents/Resources/AppIcon.icns
2020-06-01 12:49:04 +0000  copying file ./Contents/Resources/Base.lproj/Document.nib ... 
2020-06-01 12:49:04 +0000  23232 bytes for ./Contents/Resources/Base.lproj/Document.nib
2020-06-01 12:49:04 +0000  copying file ./Contents/Resources/Base.lproj/MainMenu.nib ... 
2020-06-01 12:49:04 +0000  15519 bytes for ./Contents/Resources/Base.lproj/MainMenu.nib
2020-06-01 12:49:04 +0000  copying file ./Contents/Resources/Localizable.strings ... 
2020-06-01 12:49:04 +0000  1636 bytes for ./Contents/Resources/Localizable.strings
2020-06-01 12:49:04 +0000  copying file ./Contents/Resources/Credits.rtf ... 
2020-06-01 12:49:04 +0000  800 bytes for ./Contents/Resources/Credits.rtf
copying file ./Contents/Resources/DataPanel.nib ... 
2020-06-01 12:49:04 +0000  24906 bytes for ./Contents/Resources/DataPanel.nib
2020-06-01 12:49:04 +0000  copying file ./Contents/Resources/ParamPanel.nib ... 
2020-06-01 12:49:04 +0000  53801 bytes for ./Contents/Resources/ParamPanel.nib
2020-06-01 12:49:04 +0000  copying file ./Contents/Resources/Assets.car ... 
2020-06-01 12:49:04 +0000  970696 bytes for ./Contents/Resources/Assets.car
2020-06-01 12:49:04 +0000  copying file ./Contents/Resources/loupePlus.pdf ... 
2020-06-01 12:49:04 +0000  5578 bytes for ./Contents/Resources/loupePlus.pdf
2020-06-01 12:49:04 +0000  copying file ./Contents/Resources/loupeMinus.pdf ... 
2020-06-01 12:49:04 +0000  5216 bytes for ./Contents/Resources/loupeMinus.pdf
2020-06-01 12:49:04 +0000  copying file ./Contents/Resources/StatPanel.nib ... 
2020-06-01 12:49:04 +0000  5852 bytes for ./Contents/Resources/StatPanel.nib
2020-06-01 12:49:04 +0000  copying file ./Contents/Info.plist ... 
2020-06-01 12:49:04 +0000  2720 bytes for ./Contents/Info.plist
2020-06-01 12:49:04 +0000  copying file ./Contents/PkgInfo ... 
2020-06-01 12:49:04 +0000  8 bytes for ./Contents/PkgInfo
2020-06-01 12:49:04 +0000  /usr/bin/ditto exited with 0
2020-06-01 12:49:04 +0000  Processing step: IDEDistributionEmbedProfileStep
2020-06-01 12:49:04 +0000  Skipping profile for item: <IDEDistributionItem: 0x7fd69d720680; bundleID='jp.ac.soka.unemi.SimEpidemic', path='<DVTFilePath:0x7fd69977d7b0:'/Users/unemi/Library/Developer/Xcode/Archives/2020-06-01/SimEpidemic 2020-06-01 21.30.xcarchive/Products/Applications/SimEpidemic.app'>', codeSigningInfo='<_DVTCodeSigningInformation_Path: 0x7fd6a4d4fc30; isSigned='1', isAdHocSigned='0', signingCertificate='<DVTSigningCertificate: 0x7fd69cecfb50; name='Mac Developer: Tatsuo Unemi (H7T73T729P)', hash='00751F136649743F709BD0C246D2416B938646D2', serialNumber='6F9EEFF8E063DE01', certificateKinds='(
    "1.2.840.113635.100.6.1.12"
), issueDate='2019-10-01 10:11:01 +0000''>', entitlements='{
    "com.apple.security.app-sandbox" = 1;
    "com.apple.security.files.user-selected.read-write" = 1;
}', teamID='726X5Z9867', identifier='jp.ac.soka.unemi.SimEpidemic', executablePath='<DVTFilePath:0x7fd68871dfd0:'/Users/unemi/Library/Developer/Xcode/Archives/2020-06-01/SimEpidemic 2020-06-01 21.30.xcarchive/Products/Applications/SimEpidemic.app/Contents/MacOS/SimEpidemic'>', hardenedRuntime='1'>'>
2020-06-01 12:49:04 +0000  Processing step: IDEDistributionAppThinningPlistStep
2020-06-01 12:49:04 +0000  Processing step: IDEDistributionCompileBitcodeStep
2020-06-01 12:49:04 +0000  Skipping step: IDEDistributionCompileBitcodeStep because it said so
2020-06-01 12:49:04 +0000  Processing step: IDEDistributionCodeSlimmingStep
2020-06-01 12:49:04 +0000  Processing step: IDEDistributionCopyBCSymbolMapsStep
2020-06-01 12:49:04 +0000  Skipping step: IDEDistributionCopyBCSymbolMapsStep because it said so
2020-06-01 12:49:04 +0000  Processing step: IDEDistributionSymbolsStep
2020-06-01 12:49:04 +0000  Skipping step: IDEDistributionSymbolsStep because it said so
2020-06-01 12:49:04 +0000  Processing step: IDEDistributionAppThinningStep
2020-06-01 12:49:04 +0000  Skipping step: IDEDistributionAppThinningStep because it said so
2020-06-01 12:49:04 +0000  Processing step: IDEDistributionArchThinningStep
2020-06-01 12:49:04 +0000  Running /Applications/Xcode.app/Contents/Developer/Toolchains/XcodeDefault.xctoolchain/usr/bin/lipo '/var/folders/9h/_b23l8_16fq4bs1bsq1rz4700000gn/T/XcodeDistPipeline.~~~6TVKuv/Root/Applications/SimEpidemic.app/Contents/MacOS/SimEpidemic' '-verify_arch' 'arm64e'
2020-06-01 12:49:04 +0000  /Applications/Xcode.app/Contents/Developer/Toolchains/XcodeDefault.xctoolchain/usr/bin/lipo exited with 1
2020-06-01 12:49:04 +0000  Skipping architecture thinning for item "SimEpidemic" because arch "arm64e" wasn't found
2020-06-01 12:49:04 +0000  Processing step: IDEDistributionODRStep
2020-06-01 12:49:04 +0000  Processing step: IDEDistributionStripXattrsStep
2020-06-01 12:49:04 +0000  Running /usr/bin/xattr '-crs' '/var/folders/9h/_b23l8_16fq4bs1bsq1rz4700000gn/T/XcodeDistPipeline.~~~6TVKuv/Root/Applications/SimEpidemic.app'
2020-06-01 12:49:04 +0000  /usr/bin/xattr exited with 0
2020-06-01 12:49:04 +0000  Processing step: IDEDistributionCodesignStep
2020-06-01 12:49:04 +0000  Entitlements for <IDEDistributionItem: 0x7fd69d720680; bundleID='jp.ac.soka.unemi.SimEpidemic', path='<DVTFilePath:0x7fd69977d7b0:'/Users/unemi/Library/Developer/Xcode/Archives/2020-06-01/SimEpidemic 2020-06-01 21.30.xcarchive/Products/Applications/SimEpidemic.app'>', codeSigningInfo='<_DVTCodeSigningInformation_Path: 0x7fd6a4d4fc30; isSigned='1', isAdHocSigned='0', signingCertificate='<DVTSigningCertificate: 0x7fd689431960; name='Mac Developer: Tatsuo Unemi (H7T73T729P)', hash='00751F136649743F709BD0C246D2416B938646D2', serialNumber='6F9EEFF8E063DE01', certificateKinds='(
    "1.2.840.113635.100.6.1.12"
), issueDate='2019-10-01 10:11:01 +0000''>', entitlements='{
    "com.apple.security.app-sandbox" = 1;
    "com.apple.security.files.user-selected.read-write" = 1;
}', teamID='726X5Z9867', identifier='jp.ac.soka.unemi.SimEpidemic', executablePath='<DVTFilePath:0x7fd68871dfd0:'/Users/unemi/Library/Developer/Xcode/Archives/2020-06-01/SimEpidemic 2020-06-01 21.30.xcarchive/Products/Applications/SimEpidemic.app/Contents/MacOS/SimEpidemic'>', hardenedRuntime='1'>'>: {
    "com.apple.security.app-sandbox" = 1;
    "com.apple.security.files.user-selected.read-write" = 1;
}
2020-06-01 12:49:04 +0000  Writing entitlements for <IDEDistributionItem: 0x7fd69d720680; bundleID='jp.ac.soka.unemi.SimEpidemic', path='<DVTFilePath:0x7fd69977d7b0:'/Users/unemi/Library/Developer/Xcode/Archives/2020-06-01/SimEpidemic 2020-06-01 21.30.xcarchive/Products/Applications/SimEpidemic.app'>', codeSigningInfo='<_DVTCodeSigningInformation_Path: 0x7fd6a4d4fc30; isSigned='1', isAdHocSigned='0', signingCertificate='<DVTSigningCertificate: 0x7fd69e14d410; name='Mac Developer: Tatsuo Unemi (H7T73T729P)', hash='00751F136649743F709BD0C246D2416B938646D2', serialNumber='6F9EEFF8E063DE01', certificateKinds='(
    "1.2.840.113635.100.6.1.12"
), issueDate='2019-10-01 10:11:01 +0000''>', entitlements='{
    "com.apple.security.app-sandbox" = 1;
    "com.apple.security.files.user-selected.read-write" = 1;
}', teamID='726X5Z9867', identifier='jp.ac.soka.unemi.SimEpidemic', executablePath='<DVTFilePath:0x7fd68871dfd0:'/Users/unemi/Library/Developer/Xcode/Archives/2020-06-01/SimEpidemic 2020-06-01 21.30.xcarchive/Products/Applications/SimEpidemic.app/Contents/MacOS/SimEpidemic'>', hardenedRuntime='1'>'> to: /var/folders/9h/_b23l8_16fq4bs1bsq1rz4700000gn/T/XcodeDistPipeline.~~~6TVKuv/entitlements~~~ZoZoFP
2020-06-01 12:49:04 +0000  Running /usr/bin/codesign '-vvv' '--force' '--sign' 'AB088BB74D916AAD4A8028966E85AB1E071AFB3F' '--entitlements' '/var/folders/9h/_b23l8_16fq4bs1bsq1rz4700000gn/T/XcodeDistPipeline.~~~6TVKuv/entitlements~~~ZoZoFP' '--preserve-metadata=identifier,flags,runtime' '--requirements' '=designated => anchor apple generic  and identifier "$self.identifier" and ((cert leaf[field.1.2.840.113635.100.6.1.9] exists) or ( certificate 1[field.1.2.840.113635.100.6.2.6] exists and certificate leaf[field.1.2.840.113635.100.6.1.13] exists  and certificate leaf[subject.OU] = "726X5Z9867" ))' '/var/folders/9h/_b23l8_16fq4bs1bsq1rz4700000gn/T/XcodeDistPipeline.~~~6TVKuv/Root/Applications/SimEpidemic.app'
2020-06-01 12:49:04 +0000  /var/folders/9h/_b23l8_16fq4bs1bsq1rz4700000gn/T/XcodeDistPipeline.~~~6TVKuv/Root/Applications/SimEpidemic.app: replacing existing signature
2020-06-01 12:49:09 +0000  /var/folders/9h/_b23l8_16fq4bs1bsq1rz4700000gn/T/XcodeDistPipeline.~~~6TVKuv/Root/Applications/SimEpidemic.app: signed app bundle with Mach-O thin (x86_64) [jp.ac.soka.unemi.SimEpidemic]
2020-06-01 12:49:09 +0000  /usr/bin/codesign exited with 0
2020-06-01 12:49:09 +0000  Processing step: IDEDistributionZipODRItemStep
2020-06-01 12:49:09 +0000  Skipping step: IDEDistributionZipODRItemStep because it said so
2020-06-01 12:49:09 +0000  Processing step: IDEDistributionCreateZIPStep
2020-06-01 12:49:09 +0000  Processing step: IDEDistributionAppStoreInformationStep
2020-06-01 12:49:09 +0000  Skipping step: IDEDistributionAppStoreInformationStep because it said so
2020-06-01 12:49:09 +0000  Processing step: IDEDistributionGenerateProcessedDistributionItems
2020-06-01 12:49:09 +0000  Processing step: IDEDistributionCreateManifestStep
2020-06-01 12:49:09 +0000  Skipping step: IDEDistributionCreateManifestStep because it said so
